{"level":"info","message":"Server is running on port 3002...","service":"orders-service"}
{"level":"info","message":"Server is running on port 3002","service":"orders-service"}
{"level":"info","message":"Server started on port: 3002","service":"orders-service"}
{"level":"info","message":"Server started on port: 3002","service":"orders-service"}
{"level":"info","message":"Connected to redis","service":"orders-service"}
{"level":"info","message":"Server started on port: 3002","service":"orders-service"}
{"level":"info","message":"Server started on port: 3002","service":"orders-service"}
{"level":"info","message":"Server started on port: 3002","service":"orders-service"}
{"level":"info","message":"Server started on port: 3002","service":"orders-service"}
{"level":"info","message":"Server started on port: 3002","service":"orders-service"}
{"level":"info","message":"Server started on port: 3002","service":"orders-service"}
{"level":"info","message":"Server started on port: 3002","service":"orders-service"}
{"level":"info","message":"Server started on port: 3002","service":"orders-service"}
{"level":"info","message":"Server started on port: 3002","service":"orders-service"}
{"level":"info","message":"Server started on port: 3002","service":"orders-service"}
{"level":"info","message":"Server started on port: 3002","service":"orders-service"}
{"level":"info","message":"Server started on port: 3002","service":"orders-service"}
{"level":"info","message":"Server started on port: 3002","service":"orders-service"}
{"level":"info","message":"Server started on port: 3002","service":"orders-service"}
{"level":"error","message":"Failed to load Stripe price (price_1NmBheDjTfVCm2IJxWheOsqk): PrismaClientValidationError: \nInvalid `prisma.price.create()` invocation in\n/usr/src/app/src/utils/stripeLoading.ts:14:56\n\n  11 try {\n  12     if (await prisma.price.count({ where: { id: price.id } }) > 0)\n  13         await prisma.price.delete({ where: { id: price.id } });\n→ 14     const priceEntity = await prisma.price.create({\n           data: {\n             id: \"price_1NmBheDjTfVCm2IJxWheOsqk\",\n             currency: \"ron\",\n             unitAmount: 10000,\n         +   recurringInterval: String\n           }\n         })\n\nArgument `recurringInterval` is missing.","service":"orders-service"}
{"level":"info","message":"Server started on port: 3002","service":"orders-service"}
{"level":"error","message":"Failed to load Stripe price (price_1NmBheDjTfVCm2IJxWheOsqk): PrismaClientValidationError: \nInvalid `prisma.price.create()` invocation in\n/usr/src/app/src/utils/stripeLoading.ts:14:56\n\n  11 try {\n  12     if (await prisma.price.count({ where: { id: price.id } }) > 0)\n  13         await prisma.price.delete({ where: { id: price.id } });\n→ 14     const priceEntity = await prisma.price.create({\n           data: {\n             id: \"price_1NmBheDjTfVCm2IJxWheOsqk\",\n             currency: \"ron\",\n             unitAmount: 10000,\n         +   recurringInterval: String\n           }\n         })\n\nArgument `recurringInterval` is missing.","service":"orders-service"}
{"level":"info","message":"Server started on port: 3002","service":"orders-service"}
{"level":"error","message":"Failed to load Stripe price (price_1NmBheDjTfVCm2IJxWheOsqk): PrismaClientValidationError: \nInvalid `prisma.price.create()` invocation in\n/usr/src/app/src/utils/stripeLoading.ts:15:56\n\n  12 logger.debug(\"Loading Stripe price: \" + price);\n  13 if (await prisma.price.count({ where: { id: price.id } }) > 0)\n  14     await prisma.price.delete({ where: { id: price.id } });\n→ 15 const priceEntity = await prisma.price.create({\n       data: {\n         id: \"price_1NmBheDjTfVCm2IJxWheOsqk\",\n         currency: \"ron\",\n         unitAmount: 10000,\n     +   recurringInterval: String\n       }\n     })\n\nArgument `recurringInterval` is missing.","service":"orders-service"}
{"level":"info","message":"Server started on port: 3002","service":"orders-service"}
{"level":"error","message":"Failed to load Stripe price (price_1NmBheDjTfVCm2IJxWheOsqk): PrismaClientValidationError: \nInvalid `prisma.price.create()` invocation in\n/usr/src/app/src/utils/stripeLoading.ts:15:56\n\n  12 logger.debug(\"Loading Stripe price: \" + price);\n  13 if (await prisma.price.count({ where: { id: price.id } }) > 0)\n  14     await prisma.price.delete({ where: { id: price.id } });\n→ 15 const priceEntity = await prisma.price.create({\n       data: {\n         id: \"price_1NmBheDjTfVCm2IJxWheOsqk\",\n         currency: \"ron\",\n         unitAmount: 10000,\n     +   recurringInterval: String\n       }\n     })\n\nArgument `recurringInterval` is missing.","service":"orders-service"}
{"level":"info","message":"Server started on port: 3002","service":"orders-service"}
{"level":"error","message":"Failed to load Stripe price (price_1NmBheDjTfVCm2IJxWheOsqk): PrismaClientValidationError: \nInvalid `prisma.price.create()` invocation in\n/usr/src/app/src/utils/stripeLoading.ts:14:56\n\n  11 try {\n  12     if (await prisma.price.count({ where: { id: price.id } }) > 0)\n  13         await prisma.price.delete({ where: { id: price.id } });\n→ 14     const priceEntity = await prisma.price.create({\n           data: {\n             id: \"price_1NmBheDjTfVCm2IJxWheOsqk\",\n             currency: \"ron\",\n             unitAmount: 10000,\n         +   recurringInterval: String\n           }\n         })\n\nArgument `recurringInterval` is missing.","service":"orders-service"}
{"level":"info","message":"Server started on port: 3002","service":"orders-service"}
{"level":"error","message":"Failed to load Stripe price (price_1NmBheDjTfVCm2IJxWheOsqk): PrismaClientValidationError: \nInvalid `prisma.price.create()` invocation in\n/usr/src/app/src/utils/stripeLoading.ts:15:56\n\n  12 logger.debug(\"Loading Stripe price: \" + price.id);\n  13 if (await prisma.price.count({ where: { id: price.id } }) > 0)\n  14     await prisma.price.delete({ where: { id: price.id } });\n→ 15 const priceEntity = await prisma.price.create({\n       data: {\n         id: \"price_1NmBheDjTfVCm2IJxWheOsqk\",\n         currency: \"ron\",\n         unitAmount: 10000,\n     +   recurringInterval: String\n       }\n     })\n\nArgument `recurringInterval` is missing.","service":"orders-service"}
{"level":"info","message":"Server started on port: 3002","service":"orders-service"}
{"level":"error","message":"Failed to load Stripe price ({\"id\":\"price_1NmBheDjTfVCm2IJxWheOsqk\",\"object\":\"price\",\"active\":true,\"billing_scheme\":\"per_unit\",\"created\":1693729842,\"currency\":\"ron\",\"custom_unit_amount\":null,\"livemode\":false,\"lookup_key\":null,\"metadata\":{},\"nickname\":null,\"product\":\"prod_OZKMpiqHbFqNil\",\"recurring\":null,\"tax_behavior\":\"unspecified\",\"tiers_mode\":null,\"transform_quantity\":null,\"type\":\"one_time\",\"unit_amount\":10000,\"unit_amount_decimal\":\"10000\"}): PrismaClientValidationError: \nInvalid `prisma.price.create()` invocation in\n/usr/src/app/src/utils/stripeLoading.ts:15:56\n\n  12 logger.debug(\"Loading Stripe price: \" + price.id);\n  13 if (await prisma.price.count({ where: { id: price.id } }) > 0)\n  14     await prisma.price.delete({ where: { id: price.id } });\n→ 15 const priceEntity = await prisma.price.create({\n       data: {\n         id: \"price_1NmBheDjTfVCm2IJxWheOsqk\",\n         currency: \"ron\",\n         unitAmount: 10000,\n     +   recurringInterval: String\n       }\n     })\n\nArgument `recurringInterval` is missing.","service":"orders-service"}
{"level":"info","message":"Server started on port: 3002","service":"orders-service"}
{"level":"info","message":"Server started on port: 3002","service":"orders-service"}
{"level":"info","message":"Server started on port: 3002","service":"orders-service"}
{"level":"info","message":"Server started on port: 3002","service":"orders-service"}
{"level":"info","message":"Server started on port: 3002","service":"orders-service"}
{"level":"info","message":"Server started on port: 3002","service":"orders-service"}
{"level":"info","message":"Server started on port: 3002","service":"orders-service"}
{"level":"error","message":"Failed to load Stripe product ({\"id\":\"prod_PT9GvRxJuslDX0\",\"object\":\"product\",\"active\":true,\"attributes\":[],\"created\":1706604412,\"default_price\":\"price_1OeCy0DjTfVCm2IJ20MbH4Ce\",\"description\":\"20 classrooms, 600 users\",\"features\":[],\"images\":[],\"livemode\":false,\"metadata\":{},\"name\":\"Basic\",\"package_dimensions\":null,\"shippable\":null,\"statement_descriptor\":null,\"tax_code\":null,\"type\":\"service\",\"unit_label\":null,\"updated\":1706604413,\"url\":null}): PrismaClientValidationError: \nInvalid `prisma.package.create()` invocation in\n/usr/src/app/src/utils/stripeLoading.ts:40:60\n\n  37     continue;\n  38 }\n  39 \n→ 40 const productEntity = await prisma.package.create({\n       data: {\n         id: \"prod_PT9GvRxJuslDX0\",\n         name: \"Basic\",\n         description: \"20 classrooms, 600 users\",\n         priceId: undefined,\n     +   price: {\n     +     create: PriceCreateWithoutPackagesInput | PriceUncheckedCreateWithoutPackagesInput,\n     +     connectOrCreate: PriceCreateOrConnectWithoutPackagesInput,\n     +     connect: PriceWhereUniqueInput\n     +   }\n       }\n     })\n\nArgument `price` is missing.","service":"orders-service"}
{"level":"info","message":"Server started on port: 3002","service":"orders-service"}
{"level":"info","message":"Server started on port: 3002","service":"orders-service"}
{"level":"info","message":"Server started on port: 3002","service":"orders-service"}
{"level":"info","message":"Server started on port: 3002","service":"orders-service"}
{"level":"info","message":"Server started on port: 3002","service":"orders-service"}
{"level":"info","message":"Server started on port: 3002","service":"orders-service"}
{"level":"info","message":"Server started on port: 3002","service":"orders-service"}
{"level":"info","message":"Server started on port: 3002","service":"orders-service"}
{"level":"info","message":"Server started on port: 3002","service":"orders-service"}
{"level":"info","message":"Server started on port: 3002","service":"orders-service"}
{"level":"info","message":"Server started on port: 3002","service":"orders-service"}
{"level":"info","message":"Server started on port: 3002","service":"orders-service"}
{"level":"info","message":"Server started on port: 3002","service":"orders-service"}
{"level":"info","message":"Server started on port: 3002","service":"orders-service"}
{"level":"info","message":"Server started on port: 3002","service":"orders-service"}
{"level":"info","message":"Server started on port: 3002","service":"orders-service"}
{"level":"info","message":"Server started on port: 3002","service":"orders-service"}
{"level":"info","message":"Server started on port: 3002","service":"orders-service"}
{"level":"info","message":"Server started on port: 3002","service":"orders-service"}
{"level":"info","message":"Server started on port: 3002","service":"orders-service"}
{"level":"info","message":"Server started on port: 3002","service":"orders-service"}
{"level":"info","message":"Server started on port: 3002","service":"orders-service"}
{"level":"info","message":"Server started on port: 3002","service":"orders-service"}
{"level":"info","message":"Server started on port: 3002","service":"orders-service"}
{"level":"info","message":"Server started on port: 3002","service":"orders-service"}
{"level":"info","message":"Server started on port: 3002","service":"orders-service"}
{"level":"info","message":"Server started on port: 3002","service":"orders-service"}
{"level":"info","message":"Server started on port: 3002","service":"orders-service"}
{"level":"info","message":"Server started on port: 3002","service":"orders-service"}
{"level":"info","message":"Server started on port: 3002","service":"orders-service"}
{"level":"info","message":"Server started on port: 3002","service":"orders-service"}
{"level":"info","message":"Server started on port: 3002","service":"orders-service"}
{"level":"info","message":"Server started on port: 3002","service":"orders-service"}
{"level":"info","message":"Server started on port: 3002","service":"orders-service"}
{"level":"info","message":"Server started on port: 3002","service":"orders-service"}
{"level":"info","message":"Updated package: prod_PT9GvRxJuslDX0","service":"orders-service"}
{"level":"info","message":"Updated package: prod_PT9GvRxJuslDX0","service":"orders-service"}
{"level":"info","message":"Loaded Stripe product: prod_PTA9N0rJqz3WOc","service":"orders-service"}
{"level":"info","message":"Server started on port: 3002","service":"orders-service"}
{"level":"info","message":"Updated package: prod_PTA9N0rJqz3WOc","service":"orders-service"}
{"level":"info","message":"Server started on port: 3002","service":"orders-service"}
{"level":"info","message":"Server started on port: 3002","service":"orders-service"}
{"level":"info","message":"Server started on port: 3002","service":"orders-service"}
